
4월 27, 2022 13:41:44.26 NEW SESSION
4월 27, 2022 13:41:44.26 [14860:592:0427/134144.025:ERROR:device_event_log_impl.cc(214)] [13:41:44.025] Bluetooth: bluetooth_adapter_winrt.cc:1075 Getting Default Adapter failed.
4월 27, 2022 13:42:41.998 [14860:15208:0427/134241.998:ERROR:util.cc(126)] Can't create base directory: C:\Program Files\Google\GoogleUpdater
4월 27, 2022 15:52:38.807 [11232:8688:0427/155238.807:ERROR:device_event_log_impl.cc(214)] [15:52:38.807] Bluetooth: bluetooth_adapter_winrt.cc:1075 Getting Default Adapter failed.
4월 27, 2022 15:53:36.748 [11232:5220:0427/155336.747:ERROR:util.cc(126)] Can't create base directory: C:\Program Files\Google\GoogleUpdater

4월 29, 2022 10:01:09.667 NEW SESSION
4월 29, 2022 10:01:09.667 [12180:10052:0429/100109.667:ERROR:device_event_log_impl.cc(214)] [10:01:09.667] Bluetooth: bluetooth_adapter_winrt.cc:1075 Getting Default Adapter failed.
4월 29, 2022 10:02:07.567 [12180:10440:0429/100207.567:ERROR:util.cc(126)] Can't create base directory: C:\Program Files\Google\GoogleUpdater

5월 09, 2022 15:03:06.286 NEW SESSION
5월 09, 2022 15:03:06.286 [15032:892:0509/150306.285:ERROR:device_event_log_impl.cc(214)] [15:03:06.285] Bluetooth: bluetooth_adapter_winrt.cc:1075 Getting Default Adapter failed.
5월 09, 2022 15:03:31.23 [10692:8808:0509/150331.023:ERROR:device_event_log_impl.cc(214)] [15:03:31.024] Bluetooth: bluetooth_adapter_winrt.cc:1075 Getting Default Adapter failed.
5월 09, 2022 15:04:16.784 [15120:8544:0509/150416.784:ERROR:device_event_log_impl.cc(214)] [15:04:16.784] Bluetooth: bluetooth_adapter_winrt.cc:1075 Getting Default Adapter failed.
5월 09, 2022 15:05:14.747 [15120:2168:0509/150514.746:ERROR:util.cc(126)] Can't create base directory: C:\Program Files\Google\GoogleUpdater
5월 09, 2022 15:08:51.418 [7028:14908:0509/150851.418:ERROR:device_event_log_impl.cc(214)] [15:08:51.418] Bluetooth: bluetooth_adapter_winrt.cc:1075 Getting Default Adapter failed.
5월 09, 2022 15:09:49.427 [7028:12672:0509/150949.427:ERROR:util.cc(126)] Can't create base directory: C:\Program Files\Google\GoogleUpdater
5월 09, 2022 15:40:50.692 [5640:9128:0509/154050.692:ERROR:device_event_log_impl.cc(214)] [15:40:50.693] Bluetooth: bluetooth_adapter_winrt.cc:1075 Getting Default Adapter failed.
5월 09, 2022 15:41:48.677 [5640:11988:0509/154148.677:ERROR:util.cc(126)] Can't create base directory: C:\Program Files\Google\GoogleUpdater
5월 09, 2022 15:56:45.635 [12016:7028:0509/155645.635:ERROR:device_event_log_impl.cc(214)] [15:56:45.635] Bluetooth: bluetooth_adapter_winrt.cc:1075 Getting Default Adapter failed.
5월 09, 2022 15:57:43.613 [12016:15148:0509/155743.613:ERROR:util.cc(126)] Can't create base directory: C:\Program Files\Google\GoogleUpdater
5월 09, 2022 16:01:16.959 [13868:6304:0509/160116.959:ERROR:device_event_log_impl.cc(214)] [16:01:16.958] Bluetooth: bluetooth_adapter_winrt.cc:1075 Getting Default Adapter failed.
5월 09, 2022 16:02:14.855 [13868:11648:0509/160214.854:ERROR:util.cc(126)] Can't create base directory: C:\Program Files\Google\GoogleUpdater
5월 09, 2022 16:05:34.101 [12068:5508:0509/160534.101:ERROR:device_event_log_impl.cc(214)] [16:05:34.101] Bluetooth: bluetooth_adapter_winrt.cc:1075 Getting Default Adapter failed.
5월 09, 2022 16:06:32.24 [12068:11300:0509/160632.024:ERROR:util.cc(126)] Can't create base directory: C:\Program Files\Google\GoogleUpdater
5월 09, 2022 16:32:25.338 [9872:11968:0509/163225.338:ERROR:device_event_log_impl.cc(214)] [16:32:25.338] Bluetooth: bluetooth_adapter_winrt.cc:1075 Getting Default Adapter failed.
5월 09, 2022 16:33:23.238 [9872:13108:0509/163323.238:ERROR:util.cc(126)] Can't create base directory: C:\Program Files\Google\GoogleUpdater
5월 09, 2022 16:39:24.555 [6692:9536:0509/163924.555:ERROR:device_event_log_impl.cc(214)] [16:39:24.555] Bluetooth: bluetooth_adapter_winrt.cc:1075 Getting Default Adapter failed.
5월 09, 2022 16:40:22.447 [6692:13028:0509/164022.447:ERROR:util.cc(126)] Can't create base directory: C:\Program Files\Google\GoogleUpdater
5월 09, 2022 16:46:23.447 [12500:1720:0509/164623.447:ERROR:device_event_log_impl.cc(214)] [16:46:23.447] Bluetooth: bluetooth_adapter_winrt.cc:1075 Getting Default Adapter failed.
5월 09, 2022 16:47:21.325 [12500:13248:0509/164721.325:ERROR:util.cc(126)] Can't create base directory: C:\Program Files\Google\GoogleUpdater
5월 09, 2022 16:50:49.589 [2736:9184:0509/165049.588:ERROR:device_event_log_impl.cc(214)] [16:50:49.589] Bluetooth: bluetooth_adapter_winrt.cc:1075 Getting Default Adapter failed.
5월 09, 2022 16:51:47.558 [2736:920:0509/165147.558:ERROR:util.cc(126)] Can't create base directory: C:\Program Files\Google\GoogleUpdater
5월 09, 2022 17:12:49.375 [7644:7512:0509/171249.374:ERROR:device_event_log_impl.cc(214)] [17:12:49.374] Bluetooth: bluetooth_adapter_winrt.cc:1075 Getting Default Adapter failed.
5월 09, 2022 17:13:47.279 [7644:3100:0509/171347.278:ERROR:util.cc(126)] Can't create base directory: C:\Program Files\Google\GoogleUpdater

5월 19, 2022 12:37:12.756 NEW SESSION
5월 19, 2022 12:37:12.756 [9528:6796:0519/123712.755:ERROR:device_event_log_impl.cc(214)] [12:37:12.754] Bluetooth: bluetooth_adapter_winrt.cc:1075 Getting Default Adapter failed.
5월 19, 2022 12:38:10.640 [9528:9252:0519/123810.639:ERROR:util.cc(126)] Can't create base directory: C:\Program Files\Google\GoogleUpdater
5월 19, 2022 13:44:36.685 [5228:11320:0519/134436.684:ERROR:device_event_log_impl.cc(214)] [13:44:36.685] Bluetooth: bluetooth_adapter_winrt.cc:1075 Getting Default Adapter failed.
5월 19, 2022 13:45:34.595 [5228:164:0519/134534.595:ERROR:util.cc(126)] Can't create base directory: C:\Program Files\Google\GoogleUpdater
5월 19, 2022 15:46:07.695 [5228:11320:0519/154607.695:ERROR:device_event_log_impl.cc(214)] [15:46:07.695] Bluetooth: bluetooth_adapter_winrt.cc:1075 Getting Default Adapter failed.
5월 19, 2022 15:46:31.739 [5228:11320:0519/154631.739:ERROR:sharing_service.cc(252)] Device un-registration failed with fatal error
5월 19, 2022 16:08:39.583 [772:14004:0519/160839.583:ERROR:device_event_log_impl.cc(214)] [16:08:39.582] Bluetooth: bluetooth_adapter_winrt.cc:1075 Getting Default Adapter failed.
5월 19, 2022 16:09:37.534 [772:11800:0519/160937.534:ERROR:util.cc(126)] Can't create base directory: C:\Program Files\Google\GoogleUpdater

5월 19, 2022 17:53:34.384 NEW SESSION
5월 19, 2022 17:53:34.384 [14820:12136:0519/175334.383:ERROR:device_event_log_impl.cc(214)] [17:53:34.382] Bluetooth: bluetooth_adapter_winrt.cc:1075 Getting Default Adapter failed.
5월 19, 2022 17:54:32.363 [14820:13576:0519/175432.363:ERROR:util.cc(126)] Can't create base directory: C:\Program Files\Google\GoogleUpdater
5월 19, 2022 17:57:47.394 [12028:8976:0519/175747.394:ERROR:device_event_log_impl.cc(214)] [17:57:47.395] Bluetooth: bluetooth_adapter_winrt.cc:1075 Getting Default Adapter failed.
5월 19, 2022 17:58:45.280 [12028:9800:0519/175845.280:ERROR:util.cc(126)] Can't create base directory: C:\Program Files\Google\GoogleUpdater

5월 19, 2022 18:11:22.638 NEW SESSION
5월 19, 2022 18:11:22.638 [12620:5648:0519/181122.638:ERROR:device_event_log_impl.cc(214)] [18:11:22.638] Bluetooth: bluetooth_adapter_winrt.cc:1075 Getting Default Adapter failed.
5월 19, 2022 18:12:20.549 [12620:5072:0519/181220.549:ERROR:util.cc(126)] Can't create base directory: C:\Program Files\Google\GoogleUpdater
5월 19, 2022 18:13:32.874 [13248:1384:0519/181332.874:ERROR:device_event_log_impl.cc(214)] [18:13:32.874] Bluetooth: bluetooth_adapter_winrt.cc:1075 Getting Default Adapter failed.
5월 19, 2022 18:14:30.771 [13248:8428:0519/181430.771:ERROR:util.cc(126)] Can't create base directory: C:\Program Files\Google\GoogleUpdater

5월 20, 2022 10:29:32.60 NEW SESSION
5월 20, 2022 10:29:32.60 [10104:13780:0520/102932.059:ERROR:device_event_log_impl.cc(214)] [10:29:32.060] Bluetooth: bluetooth_adapter_winrt.cc:1075 Getting Default Adapter failed.
5월 20, 2022 10:30:29.986 [10104:9100:0520/103029.985:ERROR:util.cc(126)] Can't create base directory: C:\Program Files\Google\GoogleUpdater

5월 30, 2022 12:21:14.697 NEW SESSION
5월 30, 2022 12:21:14.697 [10604:13892:0530/122114.696:ERROR:device_event_log_impl.cc(214)] [12:21:14.696] USB: usb_service_win.cc:104 SetupDiGetDeviceProperty({{A45C254E-DF1C-4EFD-8020-67D146A850E0}, 6}) failed: 요소가 없습니다. (0x490)
5월 30, 2022 12:21:14.708 [10604:13892:0530/122114.700:ERROR:device_event_log_impl.cc(214)] [12:21:14.701] Bluetooth: bluetooth_adapter_winrt.cc:1074 Getting Default Adapter failed.
5월 30, 2022 12:22:12.600 [10604:12348:0530/122212.600:ERROR:util.cc(127)] Can't create base directory: C:\Program Files\Google\GoogleUpdater
5월 30, 2022 16:49:59.862 [10604:13892:0530/164959.862:ERROR:CONSOLE(1)] "Session is unregistering, can't dispatch pending call to DOM.getDocument", source: devtools://devtools/bundled/devtools-frontend/front_end/core/sdk/sdk.js (1)
5월 30, 2022 16:50:02.155 [10604:13892:0530/165002.155:ERROR:CONSOLE(1)] "Session is unregistering, can't dispatch pending call to DOM.getDocument", source: devtools://devtools/bundled/devtools-frontend/front_end/core/sdk/sdk.js (1)
5월 30, 2022 16:50:03.156 [10604:13892:0530/165003.156:ERROR:CONSOLE(1)] "Session is unregistering, can't dispatch pending call to DOM.getDocument", source: devtools://devtools/bundled/devtools-frontend/front_end/core/sdk/sdk.js (1)
5월 30, 2022 16:50:29.698 [10604:13892:0530/165029.698:ERROR:CONSOLE(1)] "Session is unregistering, can't dispatch pending call to DOM.getDocument", source: devtools://devtools/bundled/devtools-frontend/front_end/core/sdk/sdk.js (1)
5월 30, 2022 16:50:31.838 [10604:13892:0530/165031.838:ERROR:CONSOLE(1)] "Session is unregistering, can't dispatch pending call to DOM.getDocument", source: devtools://devtools/bundled/devtools-frontend/front_end/core/sdk/sdk.js (1)
5월 30, 2022 16:50:33.620 [10604:13892:0530/165033.620:ERROR:CONSOLE(1)] "Session is unregistering, can't dispatch pending call to DOM.getDocument", source: devtools://devtools/bundled/devtools-frontend/front_end/core/sdk/sdk.js (1)
5월 30, 2022 16:50:34.649 [10604:13892:0530/165034.649:ERROR:CONSOLE(1)] "Session is unregistering, can't dispatch pending call to DOM.getDocument", source: devtools://devtools/bundled/devtools-frontend/front_end/core/sdk/sdk.js (1)
5월 30, 2022 16:50:40.664 [10604:13892:0530/165040.664:ERROR:CONSOLE(1)] "Session is unregistering, can't dispatch pending call to DOM.getDocument", source: devtools://devtools/bundled/devtools-frontend/front_end/core/sdk/sdk.js (1)
5월 30, 2022 16:50:43.03 [10604:13892:0530/165043.003:ERROR:CONSOLE(1)] "Session is unregistering, can't dispatch pending call to DOM.getDocument", source: devtools://devtools/bundled/devtools-frontend/front_end/core/sdk/sdk.js (1)
5월 30, 2022 17:22:12.602 [10604:12000:0530/172212.601:ERROR:util.cc(127)] Can't create base directory: C:\Program Files\Google\GoogleUpdater

6월 03, 2022 12:09:00.127 NEW SESSION
6월 03, 2022 12:09:00.127 [6740:12412:0603/120900.117:ERROR:device_event_log_impl.cc(214)] [12:09:00.117] USB: usb_service_win.cc:104 SetupDiGetDeviceProperty({{A45C254E-DF1C-4EFD-8020-67D146A850E0}, 6}) failed: 요소가 없습니다. (0x490)
6월 03, 2022 12:09:00.141 [6740:12412:0603/120900.121:ERROR:device_event_log_impl.cc(214)] [12:09:00.121] Bluetooth: bluetooth_adapter_winrt.cc:1074 Getting Default Adapter failed.
6월 03, 2022 12:09:57.965 [6740:5280:0603/120957.964:ERROR:util.cc(127)] Can't create base directory: C:\Program Files\Google\GoogleUpdater
6월 03, 2022 17:09:58.20 [6740:6760:0603/170958.019:ERROR:util.cc(127)] Can't create base directory: C:\Program Files\Google\GoogleUpdater
6월 03, 2022 18:23:40.876 [6740:12412:0603/182340.875:ERROR:interface_endpoint_client.cc(665)] Message 1 rejected by interface blink.mojom.WidgetHost
