
6월 28, 2022 11:38:05.14 NEW SESSION
6월 28, 2022 11:38:05.14 [1720:7496:0628/113805.147:ERROR:device_event_log_impl.cc(214)] [11:38:05.147] Bluetooth: bluetooth_adapter_winrt.cc:1074 Getting Default Adapter failed.

6월 28, 2022 12:04:38.04 NEW SESSION
6월 28, 2022 12:04:38.04 [4808:12856:0628/120438.048:ERROR:device_event_log_impl.cc(214)] [12:04:38.048] Bluetooth: bluetooth_adapter_winrt.cc:1074 Getting Default Adapter failed.
6월 28, 2022 12:05:35.99 [4808:13204:0628/120535.993:ERROR:util.cc(127)] Can't create base directory: C:\Program Files\Google\GoogleUpdater
6월 28, 2022 12:46:57.83 [3352:14760:0628/124657.836:ERROR:device_event_log_impl.cc(214)] [12:46:57.836] Bluetooth: bluetooth_adapter_winrt.cc:1074 Getting Default Adapter failed.
6월 28, 2022 15:07:12.05 [8260:10680:0628/150712.053:ERROR:device_event_log_impl.cc(214)] [15:07:12.053] Bluetooth: bluetooth_adapter_winrt.cc:1074 Getting Default Adapter failed.
6월 28, 2022 15:18:30.60 [8520:3160:0628/151830.604:ERROR:device_event_log_impl.cc(214)] [15:18:30.604] Bluetooth: bluetooth_adapter_winrt.cc:1074 Getting Default Adapter failed.
6월 28, 2022 15:27:01.93 [5736:4192:0628/152701.936:ERROR:device_event_log_impl.cc(214)] [15:27:01.935] Bluetooth: bluetooth_adapter_winrt.cc:1074 Getting Default Adapter failed.
6월 28, 2022 15:31:31.67 [6336:14724:0628/153131.678:ERROR:device_event_log_impl.cc(214)] [15:31:31.678] Bluetooth: bluetooth_adapter_winrt.cc:1074 Getting Default Adapter failed.
6월 28, 2022 15:36:11.58 [1352:12640:0628/153611.589:ERROR:device_event_log_impl.cc(214)] [15:36:11.589] Bluetooth: bluetooth_adapter_winrt.cc:1074 Getting Default Adapter failed.
6월 28, 2022 15:37:09.49 [1352:14100:0628/153709.491:ERROR:util.cc(127)] Can't create base directory: C:\Program Files\Google\GoogleUpdater
6월 28, 2022 17:20:23.73 [1352:12640:0628/172023.735:ERROR:interface_endpoint_client.cc(665)] Message 1 rejected by interface blink.mojom.WidgetHost

6월 29, 2022 16:57:13.96 NEW SESSION
6월 29, 2022 16:57:13.96 [980:1504:0629/165713.966:ERROR:device_event_log_impl.cc(214)] [16:57:13.966] Bluetooth: bluetooth_adapter_winrt.cc:1074 Getting Default Adapter failed.
6월 29, 2022 16:58:11.92 [980:5864:0629/165811.925:ERROR:util.cc(127)] Can't create base directory: C:\Program Files\Google\GoogleUpdater
6월 29, 2022 17:03:39.91 [2396:6936:0629/170339.912:ERROR:device_event_log_impl.cc(214)] [17:03:39.912] Bluetooth: bluetooth_adapter_winrt.cc:1074 Getting Default Adapter failed.
6월 29, 2022 17:04:37.91 [2396:636:0629/170437.912:ERROR:util.cc(127)] Can't create base directory: C:\Program Files\Google\GoogleUpdater

6월 30, 2022 10:13:19.21 NEW SESSION
6월 30, 2022 10:13:19.21 [12384:16200:0630/101319.212:ERROR:device_event_log_impl.cc(214)] [10:13:19.211] Bluetooth: bluetooth_adapter_winrt.cc:1074 Getting Default Adapter failed.
6월 30, 2022 10:14:17.09 [12384:2952:0630/101417.098:ERROR:util.cc(127)] Can't create base directory: C:\Program Files\Google\GoogleUpdater
6월 30, 2022 12:34:17.39 [12384:16200:0630/123417.390:ERROR:CONSOLE(1)] "Session is unregistering, can't dispatch pending call to DOM.getDocument", source: devtools://devtools/bundled/devtools-frontend/front_end/core/sdk/sdk.js (1)
6월 30, 2022 12:34:17.88 [12384:16200:0630/123417.885:ERROR:CONSOLE(1)] "Session is unregistering, can't dispatch pending call to DOM.getDocument", source: devtools://devtools/bundled/devtools-frontend/front_end/core/sdk/sdk.js (1)
6월 30, 2022 12:34:18.47 [12384:16200:0630/123418.477:ERROR:CONSOLE(1)] "Session is unregistering, can't dispatch pending call to DOM.getDocument", source: devtools://devtools/bundled/devtools-frontend/front_end/core/sdk/sdk.js (1)
6월 30, 2022 12:34:18.70 [12384:16200:0630/123418.707:ERROR:CONSOLE(1)] "Session is unregistering, can't dispatch pending call to DOM.getDocument", source: devtools://devtools/bundled/devtools-frontend/front_end/core/sdk/sdk.js (1)
6월 30, 2022 12:34:19.24 [12384:16200:0630/123419.247:ERROR:CONSOLE(1)] "Session is unregistering, can't dispatch pending call to DOM.getDocument", source: devtools://devtools/bundled/devtools-frontend/front_end/core/sdk/sdk.js (1)
6월 30, 2022 12:34:21.08 [12384:16200:0630/123421.083:ERROR:CONSOLE(1)] "Session is unregistering, can't dispatch pending call to DOM.getDocument", source: devtools://devtools/bundled/devtools-frontend/front_end/core/sdk/sdk.js (1)
6월 30, 2022 12:36:44.17 [12384:16200:0630/123644.170:ERROR:CONSOLE(1)] "Session is unregistering, can't dispatch pending call to DOM.getDocument", source: devtools://devtools/bundled/devtools-frontend/front_end/core/sdk/sdk.js (1)
6월 30, 2022 12:36:50.20 [12384:16200:0630/123650.202:ERROR:CONSOLE(1)] "Session is unregistering, can't dispatch pending call to DOM.getDocument", source: devtools://devtools/bundled/devtools-frontend/front_end/core/sdk/sdk.js (1)
6월 30, 2022 12:38:34.33 [12384:16200:0630/123834.338:ERROR:CONSOLE(1)] "Session is unregistering, can't dispatch pending call to DOM.getDocument", source: devtools://devtools/bundled/devtools-frontend/front_end/core/sdk/sdk.js (1)
6월 30, 2022 12:39:40.71 [12384:16200:0630/123940.713:ERROR:CONSOLE(1)] "Session is unregistering, can't dispatch pending call to DOM.getDocument", source: devtools://devtools/bundled/devtools-frontend/front_end/core/sdk/sdk.js (1)
6월 30, 2022 12:39:40.99 [12384:16200:0630/123940.995:ERROR:CONSOLE(1)] "Session is unregistering, can't dispatch pending call to DOM.getDocument", source: devtools://devtools/bundled/devtools-frontend/front_end/core/sdk/sdk.js (1)
6월 30, 2022 12:39:42.03 [12384:16200:0630/123942.038:ERROR:CONSOLE(1)] "Session is unregistering, can't dispatch pending call to DOM.getDocument", source: devtools://devtools/bundled/devtools-frontend/front_end/core/sdk/sdk.js (1)
6월 30, 2022 12:40:09.31 [12384:16200:0630/124009.309:ERROR:CONSOLE(1)] "Session is unregistering, can't dispatch pending call to DOM.getDocument", source: devtools://devtools/bundled/devtools-frontend/front_end/core/sdk/sdk.js (1)
6월 30, 2022 12:40:10.67 [12384:16200:0630/124010.670:ERROR:CONSOLE(1)] "Session is unregistering, can't dispatch pending call to DOM.getDocument", source: devtools://devtools/bundled/devtools-frontend/front_end/core/sdk/sdk.js (1)
6월 30, 2022 12:40:18.56 [12384:16200:0630/124018.560:ERROR:CONSOLE(1)] "Session is unregistering, can't dispatch pending call to DOM.getDocument", source: devtools://devtools/bundled/devtools-frontend/front_end/core/sdk/sdk.js (1)
6월 30, 2022 12:41:21.79 [12384:16200:0630/124121.797:ERROR:CONSOLE(1)] "Session is unregistering, can't dispatch pending call to DOM.getDocument", source: devtools://devtools/bundled/devtools-frontend/front_end/core/sdk/sdk.js (1)
6월 30, 2022 12:41:22.51 [12384:16200:0630/124122.510:ERROR:CONSOLE(1)] "Session is unregistering, can't dispatch pending call to DOM.getDocument", source: devtools://devtools/bundled/devtools-frontend/front_end/core/sdk/sdk.js (1)
6월 30, 2022 12:41:22.93 [12384:16200:0630/124122.938:ERROR:CONSOLE(1)] "Session is unregistering, can't dispatch pending call to DOM.getDocument", source: devtools://devtools/bundled/devtools-frontend/front_end/core/sdk/sdk.js (1)
6월 30, 2022 12:41:23.28 [12384:16200:0630/124123.282:ERROR:CONSOLE(1)] "Session is unregistering, can't dispatch pending call to DOM.getDocument", source: devtools://devtools/bundled/devtools-frontend/front_end/core/sdk/sdk.js (1)
6월 30, 2022 12:41:27.09 [12384:16200:0630/124127.090:ERROR:CONSOLE(1)] "Session is unregistering, can't dispatch pending call to DOM.getDocument", source: devtools://devtools/bundled/devtools-frontend/front_end/core/sdk/sdk.js (1)
6월 30, 2022 12:41:27.23 [12384:16200:0630/124127.232:ERROR:CONSOLE(1)] "Session is unregistering, can't dispatch pending call to DOM.getDocument", source: devtools://devtools/bundled/devtools-frontend/front_end/core/sdk/sdk.js (1)
6월 30, 2022 12:41:27.59 [12384:16200:0630/124127.592:ERROR:CONSOLE(1)] "Session is unregistering, can't dispatch pending call to DOM.getDocument", source: devtools://devtools/bundled/devtools-frontend/front_end/core/sdk/sdk.js (1)
6월 30, 2022 12:41:28.03 [12384:16200:0630/124128.039:ERROR:CONSOLE(1)] "Session is unregistering, can't dispatch pending call to DOM.getDocument", source: devtools://devtools/bundled/devtools-frontend/front_end/core/sdk/sdk.js (1)
6월 30, 2022 12:41:35.11 [12384:16200:0630/124135.118:ERROR:CONSOLE(1)] "Session is unregistering, can't dispatch pending call to DOM.getDocument", source: devtools://devtools/bundled/devtools-frontend/front_end/core/sdk/sdk.js (1)
6월 30, 2022 12:41:35.62 [12384:16200:0630/124135.625:ERROR:CONSOLE(1)] "Session is unregistering, can't dispatch pending call to DOM.getDocument", source: devtools://devtools/bundled/devtools-frontend/front_end/core/sdk/sdk.js (1)
6월 30, 2022 12:41:36.82 [12384:16200:0630/124136.822:ERROR:CONSOLE(1)] "Session is unregistering, can't dispatch pending call to DOM.getDocument", source: devtools://devtools/bundled/devtools-frontend/front_end/core/sdk/sdk.js (1)
6월 30, 2022 12:41:50.30 [12384:16200:0630/124150.303:ERROR:CONSOLE(1)] "Session is unregistering, can't dispatch pending call to DOM.getDocument", source: devtools://devtools/bundled/devtools-frontend/front_end/core/sdk/sdk.js (1)
6월 30, 2022 12:41:50.75 [12384:16200:0630/124150.759:ERROR:CONSOLE(1)] "Session is unregistering, can't dispatch pending call to DOM.getDocument", source: devtools://devtools/bundled/devtools-frontend/front_end/core/sdk/sdk.js (1)
6월 30, 2022 12:42:02.10 [12384:16200:0630/124202.108:ERROR:CONSOLE(1)] "Session is unregistering, can't dispatch pending call to DOM.getDocument", source: devtools://devtools/bundled/devtools-frontend/front_end/core/sdk/sdk.js (1)
6월 30, 2022 12:42:03.85 [12384:16200:0630/124203.856:ERROR:CONSOLE(1)] "Session is unregistering, can't dispatch pending call to DOM.getDocument", source: devtools://devtools/bundled/devtools-frontend/front_end/core/sdk/sdk.js (1)
6월 30, 2022 12:42:06.36 [12384:16200:0630/124206.364:ERROR:CONSOLE(1)] "Session is unregistering, can't dispatch pending call to DOM.getDocument", source: devtools://devtools/bundled/devtools-frontend/front_end/core/sdk/sdk.js (1)
6월 30, 2022 12:42:12.41 [12384:16200:0630/124212.414:ERROR:CONSOLE(1)] "Session is unregistering, can't dispatch pending call to DOM.getDocument", source: devtools://devtools/bundled/devtools-frontend/front_end/core/sdk/sdk.js (1)
6월 30, 2022 12:42:16.92 [12384:16200:0630/124216.929:ERROR:CONSOLE(1)] "Session is unregistering, can't dispatch pending call to DOM.getDocument", source: devtools://devtools/bundled/devtools-frontend/front_end/core/sdk/sdk.js (1)
6월 30, 2022 12:42:18.63 [12384:16200:0630/124218.631:ERROR:CONSOLE(1)] "Session is unregistering, can't dispatch pending call to DOM.getDocument", source: devtools://devtools/bundled/devtools-frontend/front_end/core/sdk/sdk.js (1)
6월 30, 2022 12:42:44.43 [12384:16200:0630/124244.430:ERROR:CONSOLE(1)] "Session is unregistering, can't dispatch pending call to DOM.getDocument", source: devtools://devtools/bundled/devtools-frontend/front_end/core/sdk/sdk.js (1)
6월 30, 2022 12:42:45.24 [12384:16200:0630/124245.243:ERROR:CONSOLE(1)] "Session is unregistering, can't dispatch pending call to DOM.getDocument", source: devtools://devtools/bundled/devtools-frontend/front_end/core/sdk/sdk.js (1)
6월 30, 2022 12:44:31.21 [12384:16200:0630/124431.213:ERROR:CONSOLE(1)] "Session is unregistering, can't dispatch pending call to DOM.getDocument", source: devtools://devtools/bundled/devtools-frontend/front_end/core/sdk/sdk.js (1)
6월 30, 2022 12:44:32.73 [12384:16200:0630/124432.733:ERROR:CONSOLE(1)] "Session is unregistering, can't dispatch pending call to DOM.getDocument", source: devtools://devtools/bundled/devtools-frontend/front_end/core/sdk/sdk.js (1)
6월 30, 2022 12:47:58.22 [12384:16200:0630/124758.226:ERROR:CONSOLE(1)] "Session is unregistering, can't dispatch pending call to DOM.getDocument", source: devtools://devtools/bundled/devtools-frontend/front_end/core/sdk/sdk.js (1)
6월 30, 2022 12:48:02.34 [12384:16200:0630/124802.347:ERROR:CONSOLE(1)] "Session is unregistering, can't dispatch pending call to DOM.getDocument", source: devtools://devtools/bundled/devtools-frontend/front_end/core/sdk/sdk.js (1)

6월 30, 2022 13:59:16.20 NEW SESSION
6월 30, 2022 13:59:16.20 [5020:3136:0630/135916.199:ERROR:device_event_log_impl.cc(214)] [13:59:16.198] Bluetooth: bluetooth_adapter_winrt.cc:1074 Getting Default Adapter failed.
6월 30, 2022 14:00:14.07 [5020:9976:0630/140014.071:ERROR:util.cc(127)] Can't create base directory: C:\Program Files\Google\GoogleUpdater
6월 30, 2022 14:08:00.20 [5020:3136:0630/140800.201:ERROR:interface_endpoint_client.cc(665)] Message 5 rejected by interface blink.mojom.WidgetHost
6월 30, 2022 14:13:12.67 [5020:3136:0630/141312.676:ERROR:CONSOLE(1)] "Session is unregistering, can't dispatch pending call to DOM.getDocument", source: devtools://devtools/bundled/devtools-frontend/front_end/core/sdk/sdk.js (1)
6월 30, 2022 14:16:52.75 [5020:3136:0630/141652.750:ERROR:CONSOLE(1)] "Session is unregistering, can't dispatch pending call to DOM.getDocument", source: devtools://devtools/bundled/devtools-frontend/front_end/core/sdk/sdk.js (1)
6월 30, 2022 14:17:24.13 [5020:3136:0630/141724.135:ERROR:CONSOLE(1)] "Session is unregistering, can't dispatch pending call to DOM.getDocument", source: devtools://devtools/bundled/devtools-frontend/front_end/core/sdk/sdk.js (1)
6월 30, 2022 14:18:08.58 [5020:3136:0630/141808.580:ERROR:interface_endpoint_client.cc(665)] Message 5 rejected by interface blink.mojom.WidgetHost
6월 30, 2022 14:18:08.72 [5020:3136:0630/141808.727:ERROR:CONSOLE(1)] "Session is unregistering, can't dispatch pending call to DOM.getDocument", source: devtools://devtools/bundled/devtools-frontend/front_end/core/sdk/sdk.js (1)
6월 30, 2022 14:22:29.56 [5020:3136:0630/142229.562:ERROR:CONSOLE(1)] "Session is unregistering, can't dispatch pending call to DOM.getDocument", source: devtools://devtools/bundled/devtools-frontend/front_end/core/sdk/sdk.js (1)
6월 30, 2022 14:23:33.79 [5020:3136:0630/142333.791:ERROR:CONSOLE(1)] "Session is unregistering, can't dispatch pending call to DOM.getDocument", source: devtools://devtools/bundled/devtools-frontend/front_end/core/sdk/sdk.js (1)
6월 30, 2022 14:23:34.58 [5020:3136:0630/142334.583:ERROR:CONSOLE(1)] "Session is unregistering, can't dispatch pending call to DOM.getDocument", source: devtools://devtools/bundled/devtools-frontend/front_end/core/sdk/sdk.js (1)
6월 30, 2022 14:23:35.42 [5020:3136:0630/142335.428:ERROR:CONSOLE(1)] "Session is unregistering, can't dispatch pending call to DOM.getDocument", source: devtools://devtools/bundled/devtools-frontend/front_end/core/sdk/sdk.js (1)
6월 30, 2022 14:24:06.93 [5020:3136:0630/142406.932:ERROR:CONSOLE(1)] "Session is unregistering, can't dispatch pending call to DOM.getDocument", source: devtools://devtools/bundled/devtools-frontend/front_end/core/sdk/sdk.js (1)
6월 30, 2022 14:24:07.33 [5020:3136:0630/142407.337:ERROR:CONSOLE(1)] "Session is unregistering, can't dispatch pending call to DOM.getDocument", source: devtools://devtools/bundled/devtools-frontend/front_end/core/sdk/sdk.js (1)
6월 30, 2022 14:24:07.61 [5020:3136:0630/142407.613:ERROR:CONSOLE(1)] "Session is unregistering, can't dispatch pending call to DOM.getDocument", source: devtools://devtools/bundled/devtools-frontend/front_end/core/sdk/sdk.js (1)
6월 30, 2022 14:24:07.97 [5020:3136:0630/142407.976:ERROR:CONSOLE(1)] "Session is unregistering, can't dispatch pending call to DOM.getDocument", source: devtools://devtools/bundled/devtools-frontend/front_end/core/sdk/sdk.js (1)
6월 30, 2022 14:24:08.60 [5020:3136:0630/142408.603:ERROR:CONSOLE(1)] "Session is unregistering, can't dispatch pending call to DOM.getDocument", source: devtools://devtools/bundled/devtools-frontend/front_end/core/sdk/sdk.js (1)
6월 30, 2022 14:24:14.77 [5020:3136:0630/142414.774:ERROR:CONSOLE(1)] "Session is unregistering, can't dispatch pending call to DOM.getDocument", source: devtools://devtools/bundled/devtools-frontend/front_end/core/sdk/sdk.js (1)
6월 30, 2022 14:36:10.37 [5020:3136:0630/143610.373:ERROR:CONSOLE(1)] "Session is unregistering, can't dispatch pending call to DOM.getDocument", source: devtools://devtools/bundled/devtools-frontend/front_end/core/sdk/sdk.js (1)
6월 30, 2022 14:36:11.25 [5020:3136:0630/143611.253:ERROR:CONSOLE(1)] "Session is unregistering, can't dispatch pending call to DOM.getDocument", source: devtools://devtools/bundled/devtools-frontend/front_end/core/sdk/sdk.js (1)
6월 30, 2022 14:36:12.03 [5020:3136:0630/143612.035:ERROR:CONSOLE(1)] "Session is unregistering, can't dispatch pending call to DOM.getDocument", source: devtools://devtools/bundled/devtools-frontend/front_end/core/sdk/sdk.js (1)
6월 30, 2022 14:36:12.74 [5020:3136:0630/143612.746:ERROR:CONSOLE(1)] "Session is unregistering, can't dispatch pending call to DOM.getDocument", source: devtools://devtools/bundled/devtools-frontend/front_end/core/sdk/sdk.js (1)
6월 30, 2022 14:36:13.10 [5020:3136:0630/143613.107:ERROR:CONSOLE(1)] "Session is unregistering, can't dispatch pending call to DOM.getDocument", source: devtools://devtools/bundled/devtools-frontend/front_end/core/sdk/sdk.js (1)
6월 30, 2022 14:36:13.92 [5020:3136:0630/143613.920:ERROR:CONSOLE(1)] "Session is unregistering, can't dispatch pending call to DOM.getDocument", source: devtools://devtools/bundled/devtools-frontend/front_end/core/sdk/sdk.js (1)
6월 30, 2022 14:36:14.86 [5020:3136:0630/143614.860:ERROR:CONSOLE(1)] "Session is unregistering, can't dispatch pending call to DOM.getDocument", source: devtools://devtools/bundled/devtools-frontend/front_end/core/sdk/sdk.js (1)
